<?xml version="1.0" encoding="utf-8"?><testsuites name="pytest tests"><testsuite name="pytest" errors="0" failures="0" skipped="0" tests="16" time="61.875" timestamp="2026-01-01T21:06:20.373413+09:00" hostname="DESKTOP-N9F7VKA"><testcase classname="tests.data.test_data_quality" name="test_data_quality_report" time="6.534" /><testcase classname="tests.e2e.test_KP_scraper_smoke" name="test_fetch_all_pages_smoke_test" time="9.929" /><testcase classname="tests.e2e.test_NS_scraper_smoke" name="test_fetch_all_pages_set_live_smoke" time="18.590" /><testcase classname="tests.e2e.test_jobs_api_e2e" name="test_jobs_api_json_success" time="0.239" /><testcase classname="tests.e2e.test_jobs_api_e2e" name="test_jobs_api_json_failure" time="0.019" /><testcase classname="tests.integration.test_orchestrator" name="test_run_initial_full_handles_parse_error" time="3.023" /><testcase classname="tests.integration.test_repository_upsert" name="test_upsert_uniqueness" time="0.717" /><testcase classname="tests.integration.test_sched_interval" name="test_interval_triggers_job" time="5.086" /><testcase classname="tests.unit.test_KP_parser" name="test_parse_detail" time="0.103" /><testcase classname="tests.unit.test_NS_parser" name="test_parse_detail" time="0.152" /><testcase classname="tests.unit.test_NS_scraper" name="test_fetch_all_pages_set" time="0.015" /><testcase classname="tests.unit.test_normalize" name="test_map_age" time="0.001" /><testcase classname="tests.unit.test_normalize" name="test_map_status" time="0.001" /><testcase classname="tests.unit.test_normalize" name="test_map_num" time="0.001" /><testcase classname="tests.unit.test_normalize" name="test_map_date" time="0.002" /><testcase classname="tests.unit.test_retry" name="test_retry_attempts" time="0.002" /></testsuite></testsuites>