<?xml version="1.0" encoding="utf-8"?><testsuites name="pytest tests"><testsuite name="pytest" errors="0" failures="0" skipped="0" tests="12" time="7.552" timestamp="2025-12-11T10:08:06.319315+09:00" hostname="DESKTOP-N9F7VKA"><testcase classname="tests.e2e.test_jobs_api_e2e" name="test_jobs_api_json_success" time="0.142" /><testcase classname="tests.e2e.test_jobs_api_e2e" name="test_jobs_api_json_failure" time="0.017" /><testcase classname="tests.e2e.test_scheduler_interval_e2e" name="test_interval_triggers_job" time="5.076" /><testcase classname="tests.integration.test_jobs_integration" name="test_do_daily_success" time="0.112" /><testcase classname="tests.integration.test_repository_upsert" name="test_upsert_uniqueness" time="0.504" /><testcase classname="tests.unit.test_normalize" name="test_map_age" time="0.001" /><testcase classname="tests.unit.test_normalize" name="test_map_status" time="0.001" /><testcase classname="tests.unit.test_normalize" name="test_map_num" time="0.001" /><testcase classname="tests.unit.test_normalize" name="test_map_date" time="0.004" /><testcase classname="tests.unit.test_retry" name="test_retry_attempts" time="0.001" /><testcase classname="tests.unit.test_schemas" name="test_parsed_schema_ok" time="0.001" /><testcase classname="tests.unit.test_schemas" name="test_parsed_schema_fail_no_id" time="0.001" /></testsuite></testsuites>